2025-05-13 16:08:54 [INFO] sqlalchemy.engine.Engine: select pg_catalog.version()
2025-05-13 16:08:54 [INFO] sqlalchemy.engine.Engine: [raw sql] {}
2025-05-13 16:08:54 [INFO] sqlalchemy.engine.Engine: select current_schema()
2025-05-13 16:08:54 [INFO] sqlalchemy.engine.Engine: [raw sql] {}
2025-05-13 16:08:54 [INFO] sqlalchemy.engine.Engine: show standard_conforming_strings
2025-05-13 16:08:54 [INFO] sqlalchemy.engine.Engine: [raw sql] {}
2025-05-13 16:08:54 [INFO] sqlalchemy.engine.Engine: BEGIN (implicit)
2025-05-13 16:08:54 [INFO] sqlalchemy.engine.Engine: SELECT pg_catalog.pg_class.relname 
FROM pg_catalog.pg_class JOIN pg_catalog.pg_namespace ON pg_catalog.pg_namespace.oid = pg_catalog.pg_class.relnamespace 
WHERE pg_catalog.pg_class.relname = %(table_name)s AND pg_catalog.pg_class.relkind = ANY (ARRAY[%(param_1)s, %(param_2)s, %(param_3)s, %(param_4)s, %(param_5)s]) AND pg_catalog.pg_table_is_visible(pg_catalog.pg_class.oid) AND pg_catalog.pg_namespace.nspname != %(nspname_1)s
2025-05-13 16:08:54 [INFO] sqlalchemy.engine.Engine: [generated in 0.00116s] {'table_name': 'user', 'param_1': 'r', 'param_2': 'p', 'param_3': 'f', 'param_4': 'v', 'param_5': 'm', 'nspname_1': 'pg_catalog'}
2025-05-13 16:08:54 [INFO] sqlalchemy.engine.Engine: SELECT pg_catalog.pg_class.relname 
FROM pg_catalog.pg_class JOIN pg_catalog.pg_namespace ON pg_catalog.pg_namespace.oid = pg_catalog.pg_class.relnamespace 
WHERE pg_catalog.pg_class.relname = %(table_name)s AND pg_catalog.pg_class.relkind = ANY (ARRAY[%(param_1)s, %(param_2)s, %(param_3)s, %(param_4)s, %(param_5)s]) AND pg_catalog.pg_table_is_visible(pg_catalog.pg_class.oid) AND pg_catalog.pg_namespace.nspname != %(nspname_1)s
2025-05-13 16:08:54 [INFO] sqlalchemy.engine.Engine: [cached since 0.005663s ago] {'table_name': 'todolist', 'param_1': 'r', 'param_2': 'p', 'param_3': 'f', 'param_4': 'v', 'param_5': 'm', 'nspname_1': 'pg_catalog'}
2025-05-13 16:08:54 [INFO] sqlalchemy.engine.Engine: SELECT pg_catalog.pg_class.relname 
FROM pg_catalog.pg_class JOIN pg_catalog.pg_namespace ON pg_catalog.pg_namespace.oid = pg_catalog.pg_class.relnamespace 
WHERE pg_catalog.pg_class.relname = %(table_name)s AND pg_catalog.pg_class.relkind = ANY (ARRAY[%(param_1)s, %(param_2)s, %(param_3)s, %(param_4)s, %(param_5)s]) AND pg_catalog.pg_table_is_visible(pg_catalog.pg_class.oid) AND pg_catalog.pg_namespace.nspname != %(nspname_1)s
2025-05-13 16:08:54 [INFO] sqlalchemy.engine.Engine: [cached since 0.008141s ago] {'table_name': 'task', 'param_1': 'r', 'param_2': 'p', 'param_3': 'f', 'param_4': 'v', 'param_5': 'm', 'nspname_1': 'pg_catalog'}
2025-05-13 16:08:54 [INFO] sqlalchemy.engine.Engine: SELECT pg_catalog.pg_class.relname 
FROM pg_catalog.pg_class JOIN pg_catalog.pg_namespace ON pg_catalog.pg_namespace.oid = pg_catalog.pg_class.relnamespace 
WHERE pg_catalog.pg_class.relname = %(table_name)s AND pg_catalog.pg_class.relkind = ANY (ARRAY[%(param_1)s, %(param_2)s, %(param_3)s, %(param_4)s, %(param_5)s]) AND pg_catalog.pg_table_is_visible(pg_catalog.pg_class.oid) AND pg_catalog.pg_namespace.nspname != %(nspname_1)s
2025-05-13 16:08:54 [INFO] sqlalchemy.engine.Engine: [cached since 0.01138s ago] {'table_name': 'taskstatus', 'param_1': 'r', 'param_2': 'p', 'param_3': 'f', 'param_4': 'v', 'param_5': 'm', 'nspname_1': 'pg_catalog'}
2025-05-13 16:08:54 [INFO] sqlalchemy.engine.Engine: 
CREATE TABLE "user" (
	id SERIAL NOT NULL, 
	username VARCHAR NOT NULL, 
	email VARCHAR NOT NULL, 
	hashed_password VARCHAR NOT NULL, 
	created_at TIMESTAMP WITHOUT TIME ZONE NOT NULL, 
	PRIMARY KEY (id)
)


2025-05-13 16:08:54 [INFO] sqlalchemy.engine.Engine: [no key 0.00085s] {}
2025-05-13 16:08:54 [INFO] sqlalchemy.engine.Engine: CREATE UNIQUE INDEX ix_user_username ON "user" (username)
2025-05-13 16:08:54 [INFO] sqlalchemy.engine.Engine: [no key 0.00044s] {}
2025-05-13 16:08:54 [INFO] sqlalchemy.engine.Engine: CREATE UNIQUE INDEX ix_user_email ON "user" (email)
2025-05-13 16:08:54 [INFO] sqlalchemy.engine.Engine: [no key 0.00049s] {}
2025-05-13 16:08:54 [INFO] sqlalchemy.engine.Engine: 
CREATE TABLE taskstatus (
	id SERIAL NOT NULL, 
	name VARCHAR NOT NULL, 
	color VARCHAR, 
	PRIMARY KEY (id)
)


2025-05-13 16:08:54 [INFO] sqlalchemy.engine.Engine: [no key 0.00098s] {}
2025-05-13 16:08:54 [INFO] sqlalchemy.engine.Engine: 
CREATE TABLE todolist (
	id SERIAL NOT NULL, 
	title VARCHAR NOT NULL, 
	description VARCHAR, 
	owner_id INTEGER NOT NULL, 
	created_at TIMESTAMP WITHOUT TIME ZONE NOT NULL, 
	PRIMARY KEY (id), 
	FOREIGN KEY(owner_id) REFERENCES "user" (id)
)


2025-05-13 16:08:54 [INFO] sqlalchemy.engine.Engine: [no key 0.00096s] {}
2025-05-13 16:08:54 [INFO] sqlalchemy.engine.Engine: 
CREATE TABLE task (
	id SERIAL NOT NULL, 
	title VARCHAR NOT NULL, 
	description VARCHAR, 
	due_date DATE, 
	is_completed BOOLEAN NOT NULL, 
	todo_list_id INTEGER NOT NULL, 
	status_id INTEGER NOT NULL, 
	created_at TIMESTAMP WITHOUT TIME ZONE NOT NULL, 
	PRIMARY KEY (id), 
	FOREIGN KEY(todo_list_id) REFERENCES todolist (id), 
	FOREIGN KEY(status_id) REFERENCES taskstatus (id)
)


2025-05-13 16:08:54 [INFO] sqlalchemy.engine.Engine: [no key 0.00114s] {}
2025-05-13 16:08:54 [INFO] sqlalchemy.engine.Engine: COMMIT
2025-05-13 16:08:54 [INFO] app.main: Database initialized
2025-05-13 16:10:43 [INFO] app.main: --> GET /
2025-05-13 16:10:43 [INFO] app.main: <-- GET / - 404
2025-05-13 16:10:43 [INFO] app.main: --> GET /favicon.ico
2025-05-13 16:10:43 [INFO] app.main: <-- GET /favicon.ico - 404
2025-05-13 16:11:00 [INFO] app.main: --> GET /docs
2025-05-13 16:11:00 [INFO] app.main: <-- GET /docs - 200
2025-05-13 16:11:00 [INFO] app.main: --> GET /openapi.json
2025-05-13 16:11:00 [INFO] app.main: <-- GET /openapi.json - 200
2025-05-13 16:16:58 [INFO] sqlalchemy.engine.Engine: select pg_catalog.version()
2025-05-13 16:16:58 [INFO] sqlalchemy.engine.Engine: [raw sql] {}
2025-05-13 16:16:58 [INFO] sqlalchemy.engine.Engine: select current_schema()
2025-05-13 16:16:58 [INFO] sqlalchemy.engine.Engine: [raw sql] {}
2025-05-13 16:16:58 [INFO] sqlalchemy.engine.Engine: show standard_conforming_strings
2025-05-13 16:16:58 [INFO] sqlalchemy.engine.Engine: [raw sql] {}
2025-05-13 16:16:58 [INFO] sqlalchemy.engine.Engine: BEGIN (implicit)
2025-05-13 16:16:58 [INFO] sqlalchemy.engine.Engine: SELECT pg_catalog.pg_class.relname 
FROM pg_catalog.pg_class JOIN pg_catalog.pg_namespace ON pg_catalog.pg_namespace.oid = pg_catalog.pg_class.relnamespace 
WHERE pg_catalog.pg_class.relname = %(table_name)s AND pg_catalog.pg_class.relkind = ANY (ARRAY[%(param_1)s, %(param_2)s, %(param_3)s, %(param_4)s, %(param_5)s]) AND pg_catalog.pg_table_is_visible(pg_catalog.pg_class.oid) AND pg_catalog.pg_namespace.nspname != %(nspname_1)s
2025-05-13 16:16:58 [INFO] sqlalchemy.engine.Engine: [generated in 0.00155s] {'table_name': 'user', 'param_1': 'r', 'param_2': 'p', 'param_3': 'f', 'param_4': 'v', 'param_5': 'm', 'nspname_1': 'pg_catalog'}
2025-05-13 16:16:58 [INFO] sqlalchemy.engine.Engine: SELECT pg_catalog.pg_class.relname 
FROM pg_catalog.pg_class JOIN pg_catalog.pg_namespace ON pg_catalog.pg_namespace.oid = pg_catalog.pg_class.relnamespace 
WHERE pg_catalog.pg_class.relname = %(table_name)s AND pg_catalog.pg_class.relkind = ANY (ARRAY[%(param_1)s, %(param_2)s, %(param_3)s, %(param_4)s, %(param_5)s]) AND pg_catalog.pg_table_is_visible(pg_catalog.pg_class.oid) AND pg_catalog.pg_namespace.nspname != %(nspname_1)s
2025-05-13 16:16:58 [INFO] sqlalchemy.engine.Engine: [cached since 0.01661s ago] {'table_name': 'todolist', 'param_1': 'r', 'param_2': 'p', 'param_3': 'f', 'param_4': 'v', 'param_5': 'm', 'nspname_1': 'pg_catalog'}
2025-05-13 16:16:58 [INFO] sqlalchemy.engine.Engine: SELECT pg_catalog.pg_class.relname 
FROM pg_catalog.pg_class JOIN pg_catalog.pg_namespace ON pg_catalog.pg_namespace.oid = pg_catalog.pg_class.relnamespace 
WHERE pg_catalog.pg_class.relname = %(table_name)s AND pg_catalog.pg_class.relkind = ANY (ARRAY[%(param_1)s, %(param_2)s, %(param_3)s, %(param_4)s, %(param_5)s]) AND pg_catalog.pg_table_is_visible(pg_catalog.pg_class.oid) AND pg_catalog.pg_namespace.nspname != %(nspname_1)s
2025-05-13 16:16:58 [INFO] sqlalchemy.engine.Engine: [cached since 0.02229s ago] {'table_name': 'task', 'param_1': 'r', 'param_2': 'p', 'param_3': 'f', 'param_4': 'v', 'param_5': 'm', 'nspname_1': 'pg_catalog'}
2025-05-13 16:16:58 [INFO] sqlalchemy.engine.Engine: SELECT pg_catalog.pg_class.relname 
FROM pg_catalog.pg_class JOIN pg_catalog.pg_namespace ON pg_catalog.pg_namespace.oid = pg_catalog.pg_class.relnamespace 
WHERE pg_catalog.pg_class.relname = %(table_name)s AND pg_catalog.pg_class.relkind = ANY (ARRAY[%(param_1)s, %(param_2)s, %(param_3)s, %(param_4)s, %(param_5)s]) AND pg_catalog.pg_table_is_visible(pg_catalog.pg_class.oid) AND pg_catalog.pg_namespace.nspname != %(nspname_1)s
2025-05-13 16:16:58 [INFO] sqlalchemy.engine.Engine: [cached since 0.02829s ago] {'table_name': 'taskstatus', 'param_1': 'r', 'param_2': 'p', 'param_3': 'f', 'param_4': 'v', 'param_5': 'm', 'nspname_1': 'pg_catalog'}
2025-05-13 16:16:58 [INFO] sqlalchemy.engine.Engine: COMMIT
2025-05-13 16:16:58 [INFO] app.main: Database initialized
2025-05-13 16:17:36 [INFO] sqlalchemy.engine.Engine: select pg_catalog.version()
2025-05-13 16:17:36 [INFO] sqlalchemy.engine.Engine: [raw sql] {}
2025-05-13 16:17:36 [INFO] sqlalchemy.engine.Engine: select current_schema()
2025-05-13 16:17:36 [INFO] sqlalchemy.engine.Engine: [raw sql] {}
2025-05-13 16:17:36 [INFO] sqlalchemy.engine.Engine: show standard_conforming_strings
2025-05-13 16:17:36 [INFO] sqlalchemy.engine.Engine: [raw sql] {}
2025-05-13 16:17:36 [INFO] sqlalchemy.engine.Engine: BEGIN (implicit)
2025-05-13 16:17:36 [INFO] sqlalchemy.engine.Engine: SELECT pg_catalog.pg_class.relname 
FROM pg_catalog.pg_class JOIN pg_catalog.pg_namespace ON pg_catalog.pg_namespace.oid = pg_catalog.pg_class.relnamespace 
WHERE pg_catalog.pg_class.relname = %(table_name)s AND pg_catalog.pg_class.relkind = ANY (ARRAY[%(param_1)s, %(param_2)s, %(param_3)s, %(param_4)s, %(param_5)s]) AND pg_catalog.pg_table_is_visible(pg_catalog.pg_class.oid) AND pg_catalog.pg_namespace.nspname != %(nspname_1)s
2025-05-13 16:17:36 [INFO] sqlalchemy.engine.Engine: [generated in 0.00100s] {'table_name': 'user', 'param_1': 'r', 'param_2': 'p', 'param_3': 'f', 'param_4': 'v', 'param_5': 'm', 'nspname_1': 'pg_catalog'}
2025-05-13 16:17:36 [INFO] sqlalchemy.engine.Engine: SELECT pg_catalog.pg_class.relname 
FROM pg_catalog.pg_class JOIN pg_catalog.pg_namespace ON pg_catalog.pg_namespace.oid = pg_catalog.pg_class.relnamespace 
WHERE pg_catalog.pg_class.relname = %(table_name)s AND pg_catalog.pg_class.relkind = ANY (ARRAY[%(param_1)s, %(param_2)s, %(param_3)s, %(param_4)s, %(param_5)s]) AND pg_catalog.pg_table_is_visible(pg_catalog.pg_class.oid) AND pg_catalog.pg_namespace.nspname != %(nspname_1)s
2025-05-13 16:17:36 [INFO] sqlalchemy.engine.Engine: [cached since 0.005442s ago] {'table_name': 'todolist', 'param_1': 'r', 'param_2': 'p', 'param_3': 'f', 'param_4': 'v', 'param_5': 'm', 'nspname_1': 'pg_catalog'}
2025-05-13 16:17:36 [INFO] sqlalchemy.engine.Engine: SELECT pg_catalog.pg_class.relname 
FROM pg_catalog.pg_class JOIN pg_catalog.pg_namespace ON pg_catalog.pg_namespace.oid = pg_catalog.pg_class.relnamespace 
WHERE pg_catalog.pg_class.relname = %(table_name)s AND pg_catalog.pg_class.relkind = ANY (ARRAY[%(param_1)s, %(param_2)s, %(param_3)s, %(param_4)s, %(param_5)s]) AND pg_catalog.pg_table_is_visible(pg_catalog.pg_class.oid) AND pg_catalog.pg_namespace.nspname != %(nspname_1)s
2025-05-13 16:17:36 [INFO] sqlalchemy.engine.Engine: [cached since 0.008694s ago] {'table_name': 'task', 'param_1': 'r', 'param_2': 'p', 'param_3': 'f', 'param_4': 'v', 'param_5': 'm', 'nspname_1': 'pg_catalog'}
2025-05-13 16:17:36 [INFO] sqlalchemy.engine.Engine: SELECT pg_catalog.pg_class.relname 
FROM pg_catalog.pg_class JOIN pg_catalog.pg_namespace ON pg_catalog.pg_namespace.oid = pg_catalog.pg_class.relnamespace 
WHERE pg_catalog.pg_class.relname = %(table_name)s AND pg_catalog.pg_class.relkind = ANY (ARRAY[%(param_1)s, %(param_2)s, %(param_3)s, %(param_4)s, %(param_5)s]) AND pg_catalog.pg_table_is_visible(pg_catalog.pg_class.oid) AND pg_catalog.pg_namespace.nspname != %(nspname_1)s
2025-05-13 16:17:36 [INFO] sqlalchemy.engine.Engine: [cached since 0.01121s ago] {'table_name': 'taskstatus', 'param_1': 'r', 'param_2': 'p', 'param_3': 'f', 'param_4': 'v', 'param_5': 'm', 'nspname_1': 'pg_catalog'}
2025-05-13 16:17:36 [INFO] sqlalchemy.engine.Engine: COMMIT
2025-05-13 16:17:36 [INFO] app.main: Database initialized
2025-05-13 16:24:39 [INFO] app.main: --> GET /lists/
2025-05-13 16:24:39 [INFO] sqlalchemy.engine.Engine: BEGIN (implicit)
2025-05-13 16:24:39 [INFO] sqlalchemy.engine.Engine: SELECT todolist.id AS todolist_id, todolist.title AS todolist_title, todolist.description AS todolist_description, todolist.owner_id AS todolist_owner_id, todolist.created_at AS todolist_created_at 
FROM todolist 
WHERE todolist.id = %(pk_1)s
2025-05-13 16:24:39 [INFO] sqlalchemy.engine.Engine: [generated in 0.00246s] {'pk_1': 1}
2025-05-13 16:24:39 [INFO] sqlalchemy.engine.Engine: ROLLBACK
2025-05-13 16:24:39 [INFO] app.main: <-- GET /lists/ - 200
2025-05-13 17:32:10 [INFO] sqlalchemy.engine.Engine: select pg_catalog.version()
2025-05-13 17:32:10 [INFO] sqlalchemy.engine.Engine: [raw sql] {}
2025-05-13 17:32:10 [INFO] sqlalchemy.engine.Engine: select current_schema()
2025-05-13 17:32:10 [INFO] sqlalchemy.engine.Engine: [raw sql] {}
2025-05-13 17:32:10 [INFO] sqlalchemy.engine.Engine: show standard_conforming_strings
2025-05-13 17:32:10 [INFO] sqlalchemy.engine.Engine: [raw sql] {}
2025-05-13 17:32:10 [INFO] sqlalchemy.engine.Engine: BEGIN (implicit)
2025-05-13 17:32:10 [INFO] sqlalchemy.engine.Engine: SELECT pg_catalog.pg_class.relname 
FROM pg_catalog.pg_class JOIN pg_catalog.pg_namespace ON pg_catalog.pg_namespace.oid = pg_catalog.pg_class.relnamespace 
WHERE pg_catalog.pg_class.relname = %(table_name)s AND pg_catalog.pg_class.relkind = ANY (ARRAY[%(param_1)s, %(param_2)s, %(param_3)s, %(param_4)s, %(param_5)s]) AND pg_catalog.pg_table_is_visible(pg_catalog.pg_class.oid) AND pg_catalog.pg_namespace.nspname != %(nspname_1)s
2025-05-13 17:32:10 [INFO] sqlalchemy.engine.Engine: [generated in 0.00068s] {'table_name': 'user', 'param_1': 'r', 'param_2': 'p', 'param_3': 'f', 'param_4': 'v', 'param_5': 'm', 'nspname_1': 'pg_catalog'}
2025-05-13 17:32:10 [INFO] sqlalchemy.engine.Engine: SELECT pg_catalog.pg_class.relname 
FROM pg_catalog.pg_class JOIN pg_catalog.pg_namespace ON pg_catalog.pg_namespace.oid = pg_catalog.pg_class.relnamespace 
WHERE pg_catalog.pg_class.relname = %(table_name)s AND pg_catalog.pg_class.relkind = ANY (ARRAY[%(param_1)s, %(param_2)s, %(param_3)s, %(param_4)s, %(param_5)s]) AND pg_catalog.pg_table_is_visible(pg_catalog.pg_class.oid) AND pg_catalog.pg_namespace.nspname != %(nspname_1)s
2025-05-13 17:32:10 [INFO] sqlalchemy.engine.Engine: [cached since 0.005087s ago] {'table_name': 'todolist', 'param_1': 'r', 'param_2': 'p', 'param_3': 'f', 'param_4': 'v', 'param_5': 'm', 'nspname_1': 'pg_catalog'}
2025-05-13 17:32:10 [INFO] sqlalchemy.engine.Engine: SELECT pg_catalog.pg_class.relname 
FROM pg_catalog.pg_class JOIN pg_catalog.pg_namespace ON pg_catalog.pg_namespace.oid = pg_catalog.pg_class.relnamespace 
WHERE pg_catalog.pg_class.relname = %(table_name)s AND pg_catalog.pg_class.relkind = ANY (ARRAY[%(param_1)s, %(param_2)s, %(param_3)s, %(param_4)s, %(param_5)s]) AND pg_catalog.pg_table_is_visible(pg_catalog.pg_class.oid) AND pg_catalog.pg_namespace.nspname != %(nspname_1)s
2025-05-13 17:32:10 [INFO] sqlalchemy.engine.Engine: [cached since 0.007941s ago] {'table_name': 'task', 'param_1': 'r', 'param_2': 'p', 'param_3': 'f', 'param_4': 'v', 'param_5': 'm', 'nspname_1': 'pg_catalog'}
2025-05-13 17:32:10 [INFO] sqlalchemy.engine.Engine: SELECT pg_catalog.pg_class.relname 
FROM pg_catalog.pg_class JOIN pg_catalog.pg_namespace ON pg_catalog.pg_namespace.oid = pg_catalog.pg_class.relnamespace 
WHERE pg_catalog.pg_class.relname = %(table_name)s AND pg_catalog.pg_class.relkind = ANY (ARRAY[%(param_1)s, %(param_2)s, %(param_3)s, %(param_4)s, %(param_5)s]) AND pg_catalog.pg_table_is_visible(pg_catalog.pg_class.oid) AND pg_catalog.pg_namespace.nspname != %(nspname_1)s
2025-05-13 17:32:10 [INFO] sqlalchemy.engine.Engine: [cached since 0.01116s ago] {'table_name': 'taskstatus', 'param_1': 'r', 'param_2': 'p', 'param_3': 'f', 'param_4': 'v', 'param_5': 'm', 'nspname_1': 'pg_catalog'}
2025-05-13 17:32:10 [INFO] sqlalchemy.engine.Engine: SELECT pg_catalog.pg_type.typname 
FROM pg_catalog.pg_type JOIN pg_catalog.pg_namespace ON pg_catalog.pg_namespace.oid = pg_catalog.pg_type.typnamespace 
WHERE pg_catalog.pg_type.typname = %(typname_1)s AND pg_catalog.pg_type_is_visible(pg_catalog.pg_type.oid) AND pg_catalog.pg_namespace.nspname != %(nspname_1)s
2025-05-13 17:32:10 [INFO] sqlalchemy.engine.Engine: [generated in 0.00090s] {'typname_1': 'role', 'nspname_1': 'pg_catalog'}
2025-05-13 17:32:10 [INFO] sqlalchemy.engine.Engine: CREATE TYPE role AS ENUM ('admin', 'user', 'viewer')
2025-05-13 17:32:10 [INFO] sqlalchemy.engine.Engine: [no key 0.00055s] {}
2025-05-13 17:32:10 [INFO] sqlalchemy.engine.Engine: COMMIT
2025-05-13 17:32:10 [INFO] app.main: Database initialized
2025-05-13 17:32:16 [INFO] sqlalchemy.engine.Engine: select pg_catalog.version()
2025-05-13 17:32:16 [INFO] sqlalchemy.engine.Engine: [raw sql] {}
2025-05-13 17:32:16 [INFO] sqlalchemy.engine.Engine: select current_schema()
2025-05-13 17:32:16 [INFO] sqlalchemy.engine.Engine: [raw sql] {}
2025-05-13 17:32:16 [INFO] sqlalchemy.engine.Engine: show standard_conforming_strings
2025-05-13 17:32:16 [INFO] sqlalchemy.engine.Engine: [raw sql] {}
2025-05-13 17:32:16 [INFO] sqlalchemy.engine.Engine: BEGIN (implicit)
2025-05-13 17:32:16 [INFO] sqlalchemy.engine.Engine: SELECT pg_catalog.pg_class.relname 
FROM pg_catalog.pg_class JOIN pg_catalog.pg_namespace ON pg_catalog.pg_namespace.oid = pg_catalog.pg_class.relnamespace 
WHERE pg_catalog.pg_class.relname = %(table_name)s AND pg_catalog.pg_class.relkind = ANY (ARRAY[%(param_1)s, %(param_2)s, %(param_3)s, %(param_4)s, %(param_5)s]) AND pg_catalog.pg_table_is_visible(pg_catalog.pg_class.oid) AND pg_catalog.pg_namespace.nspname != %(nspname_1)s
2025-05-13 17:32:16 [INFO] sqlalchemy.engine.Engine: [generated in 0.00109s] {'table_name': 'user', 'param_1': 'r', 'param_2': 'p', 'param_3': 'f', 'param_4': 'v', 'param_5': 'm', 'nspname_1': 'pg_catalog'}
2025-05-13 17:32:16 [INFO] sqlalchemy.engine.Engine: SELECT pg_catalog.pg_class.relname 
FROM pg_catalog.pg_class JOIN pg_catalog.pg_namespace ON pg_catalog.pg_namespace.oid = pg_catalog.pg_class.relnamespace 
WHERE pg_catalog.pg_class.relname = %(table_name)s AND pg_catalog.pg_class.relkind = ANY (ARRAY[%(param_1)s, %(param_2)s, %(param_3)s, %(param_4)s, %(param_5)s]) AND pg_catalog.pg_table_is_visible(pg_catalog.pg_class.oid) AND pg_catalog.pg_namespace.nspname != %(nspname_1)s
2025-05-13 17:32:16 [INFO] sqlalchemy.engine.Engine: [cached since 0.00515s ago] {'table_name': 'todolist', 'param_1': 'r', 'param_2': 'p', 'param_3': 'f', 'param_4': 'v', 'param_5': 'm', 'nspname_1': 'pg_catalog'}
2025-05-13 17:32:16 [INFO] sqlalchemy.engine.Engine: SELECT pg_catalog.pg_class.relname 
FROM pg_catalog.pg_class JOIN pg_catalog.pg_namespace ON pg_catalog.pg_namespace.oid = pg_catalog.pg_class.relnamespace 
WHERE pg_catalog.pg_class.relname = %(table_name)s AND pg_catalog.pg_class.relkind = ANY (ARRAY[%(param_1)s, %(param_2)s, %(param_3)s, %(param_4)s, %(param_5)s]) AND pg_catalog.pg_table_is_visible(pg_catalog.pg_class.oid) AND pg_catalog.pg_namespace.nspname != %(nspname_1)s
2025-05-13 17:32:16 [INFO] sqlalchemy.engine.Engine: [cached since 0.008104s ago] {'table_name': 'task', 'param_1': 'r', 'param_2': 'p', 'param_3': 'f', 'param_4': 'v', 'param_5': 'm', 'nspname_1': 'pg_catalog'}
2025-05-13 17:32:16 [INFO] sqlalchemy.engine.Engine: SELECT pg_catalog.pg_class.relname 
FROM pg_catalog.pg_class JOIN pg_catalog.pg_namespace ON pg_catalog.pg_namespace.oid = pg_catalog.pg_class.relnamespace 
WHERE pg_catalog.pg_class.relname = %(table_name)s AND pg_catalog.pg_class.relkind = ANY (ARRAY[%(param_1)s, %(param_2)s, %(param_3)s, %(param_4)s, %(param_5)s]) AND pg_catalog.pg_table_is_visible(pg_catalog.pg_class.oid) AND pg_catalog.pg_namespace.nspname != %(nspname_1)s
2025-05-13 17:32:16 [INFO] sqlalchemy.engine.Engine: [cached since 0.01111s ago] {'table_name': 'taskstatus', 'param_1': 'r', 'param_2': 'p', 'param_3': 'f', 'param_4': 'v', 'param_5': 'm', 'nspname_1': 'pg_catalog'}
2025-05-13 17:32:16 [INFO] sqlalchemy.engine.Engine: SELECT pg_catalog.pg_type.typname 
FROM pg_catalog.pg_type JOIN pg_catalog.pg_namespace ON pg_catalog.pg_namespace.oid = pg_catalog.pg_type.typnamespace 
WHERE pg_catalog.pg_type.typname = %(typname_1)s AND pg_catalog.pg_type_is_visible(pg_catalog.pg_type.oid) AND pg_catalog.pg_namespace.nspname != %(nspname_1)s
2025-05-13 17:32:16 [INFO] sqlalchemy.engine.Engine: [generated in 0.00075s] {'typname_1': 'role', 'nspname_1': 'pg_catalog'}
2025-05-13 17:32:16 [INFO] sqlalchemy.engine.Engine: COMMIT
2025-05-13 17:32:16 [INFO] app.main: Database initialized
2025-05-13 17:41:26 [INFO] sqlalchemy.engine.Engine: select pg_catalog.version()
2025-05-13 17:41:26 [INFO] sqlalchemy.engine.Engine: [raw sql] {}
2025-05-13 17:41:26 [INFO] sqlalchemy.engine.Engine: select current_schema()
2025-05-13 17:41:26 [INFO] sqlalchemy.engine.Engine: [raw sql] {}
2025-05-13 17:41:26 [INFO] sqlalchemy.engine.Engine: show standard_conforming_strings
2025-05-13 17:41:26 [INFO] sqlalchemy.engine.Engine: [raw sql] {}
2025-05-13 17:41:26 [INFO] sqlalchemy.engine.Engine: BEGIN (implicit)
2025-05-13 17:41:26 [INFO] sqlalchemy.engine.Engine: SELECT pg_catalog.pg_class.relname 
FROM pg_catalog.pg_class JOIN pg_catalog.pg_namespace ON pg_catalog.pg_namespace.oid = pg_catalog.pg_class.relnamespace 
WHERE pg_catalog.pg_class.relname = %(table_name)s AND pg_catalog.pg_class.relkind = ANY (ARRAY[%(param_1)s, %(param_2)s, %(param_3)s, %(param_4)s, %(param_5)s]) AND pg_catalog.pg_table_is_visible(pg_catalog.pg_class.oid) AND pg_catalog.pg_namespace.nspname != %(nspname_1)s
2025-05-13 17:41:26 [INFO] sqlalchemy.engine.Engine: [generated in 0.00100s] {'table_name': 'user', 'param_1': 'r', 'param_2': 'p', 'param_3': 'f', 'param_4': 'v', 'param_5': 'm', 'nspname_1': 'pg_catalog'}
2025-05-13 17:41:26 [INFO] sqlalchemy.engine.Engine: SELECT pg_catalog.pg_class.relname 
FROM pg_catalog.pg_class JOIN pg_catalog.pg_namespace ON pg_catalog.pg_namespace.oid = pg_catalog.pg_class.relnamespace 
WHERE pg_catalog.pg_class.relname = %(table_name)s AND pg_catalog.pg_class.relkind = ANY (ARRAY[%(param_1)s, %(param_2)s, %(param_3)s, %(param_4)s, %(param_5)s]) AND pg_catalog.pg_table_is_visible(pg_catalog.pg_class.oid) AND pg_catalog.pg_namespace.nspname != %(nspname_1)s
2025-05-13 17:41:26 [INFO] sqlalchemy.engine.Engine: [cached since 0.005963s ago] {'table_name': 'todolist', 'param_1': 'r', 'param_2': 'p', 'param_3': 'f', 'param_4': 'v', 'param_5': 'm', 'nspname_1': 'pg_catalog'}
2025-05-13 17:41:26 [INFO] sqlalchemy.engine.Engine: SELECT pg_catalog.pg_class.relname 
FROM pg_catalog.pg_class JOIN pg_catalog.pg_namespace ON pg_catalog.pg_namespace.oid = pg_catalog.pg_class.relnamespace 
WHERE pg_catalog.pg_class.relname = %(table_name)s AND pg_catalog.pg_class.relkind = ANY (ARRAY[%(param_1)s, %(param_2)s, %(param_3)s, %(param_4)s, %(param_5)s]) AND pg_catalog.pg_table_is_visible(pg_catalog.pg_class.oid) AND pg_catalog.pg_namespace.nspname != %(nspname_1)s
2025-05-13 17:41:26 [INFO] sqlalchemy.engine.Engine: [cached since 0.01443s ago] {'table_name': 'task', 'param_1': 'r', 'param_2': 'p', 'param_3': 'f', 'param_4': 'v', 'param_5': 'm', 'nspname_1': 'pg_catalog'}
2025-05-13 17:41:26 [INFO] sqlalchemy.engine.Engine: SELECT pg_catalog.pg_class.relname 
FROM pg_catalog.pg_class JOIN pg_catalog.pg_namespace ON pg_catalog.pg_namespace.oid = pg_catalog.pg_class.relnamespace 
WHERE pg_catalog.pg_class.relname = %(table_name)s AND pg_catalog.pg_class.relkind = ANY (ARRAY[%(param_1)s, %(param_2)s, %(param_3)s, %(param_4)s, %(param_5)s]) AND pg_catalog.pg_table_is_visible(pg_catalog.pg_class.oid) AND pg_catalog.pg_namespace.nspname != %(nspname_1)s
2025-05-13 17:41:26 [INFO] sqlalchemy.engine.Engine: [cached since 0.01765s ago] {'table_name': 'taskstatus', 'param_1': 'r', 'param_2': 'p', 'param_3': 'f', 'param_4': 'v', 'param_5': 'm', 'nspname_1': 'pg_catalog'}
2025-05-13 17:41:26 [INFO] sqlalchemy.engine.Engine: SELECT pg_catalog.pg_type.typname 
FROM pg_catalog.pg_type JOIN pg_catalog.pg_namespace ON pg_catalog.pg_namespace.oid = pg_catalog.pg_type.typnamespace 
WHERE pg_catalog.pg_type.typname = %(typname_1)s AND pg_catalog.pg_type_is_visible(pg_catalog.pg_type.oid) AND pg_catalog.pg_namespace.nspname != %(nspname_1)s
2025-05-13 17:41:26 [INFO] sqlalchemy.engine.Engine: [generated in 0.00092s] {'typname_1': 'role', 'nspname_1': 'pg_catalog'}
2025-05-13 17:41:26 [INFO] sqlalchemy.engine.Engine: COMMIT
2025-05-13 17:41:26 [INFO] app.main: Database initialized
2025-05-13 17:42:50 [INFO] app.main: --> GET /docs
2025-05-13 17:42:50 [INFO] app.main: <-- GET /docs - 200
2025-05-13 17:42:51 [INFO] app.main: --> GET /openapi.json
2025-05-13 17:42:51 [INFO] app.main: <-- GET /openapi.json - 200
2025-05-13 17:44:35 [INFO] app.main: --> POST /api/auth/register
2025-05-13 17:44:35 [INFO] sqlalchemy.engine.Engine: BEGIN (implicit)
2025-05-13 17:44:35 [INFO] sqlalchemy.engine.Engine: SELECT "user".id, "user".username, "user".email, "user".hashed_password, "user".role, "user".created_at 
FROM "user" 
WHERE "user".username = %(username_1)s
2025-05-13 17:44:35 [INFO] sqlalchemy.engine.Engine: [generated in 0.00144s] {'username_1': 'admin'}
2025-05-13 17:44:36 [INFO] sqlalchemy.engine.Engine: ROLLBACK
2025-05-13 17:46:04 [INFO] app.main: --> POST /api/auth/register
2025-05-13 17:46:04 [INFO] sqlalchemy.engine.Engine: BEGIN (implicit)
2025-05-13 17:46:04 [INFO] sqlalchemy.engine.Engine: SELECT "user".id, "user".username, "user".email, "user".hashed_password, "user".role, "user".created_at 
FROM "user" 
WHERE "user".username = %(username_1)s
2025-05-13 17:46:04 [INFO] sqlalchemy.engine.Engine: [cached since 88.6s ago] {'username_1': 'admin'}
2025-05-13 17:46:22 [INFO] sqlalchemy.engine.Engine: select pg_catalog.version()
2025-05-13 17:46:22 [INFO] sqlalchemy.engine.Engine: [raw sql] {}
2025-05-13 17:46:22 [INFO] sqlalchemy.engine.Engine: select current_schema()
2025-05-13 17:46:22 [INFO] sqlalchemy.engine.Engine: [raw sql] {}
2025-05-13 17:46:22 [INFO] sqlalchemy.engine.Engine: show standard_conforming_strings
2025-05-13 17:46:22 [INFO] sqlalchemy.engine.Engine: [raw sql] {}
2025-05-13 17:46:22 [INFO] sqlalchemy.engine.Engine: BEGIN (implicit)
2025-05-13 17:46:22 [INFO] sqlalchemy.engine.Engine: SELECT pg_catalog.pg_class.relname 
FROM pg_catalog.pg_class JOIN pg_catalog.pg_namespace ON pg_catalog.pg_namespace.oid = pg_catalog.pg_class.relnamespace 
WHERE pg_catalog.pg_class.relname = %(table_name)s AND pg_catalog.pg_class.relkind = ANY (ARRAY[%(param_1)s, %(param_2)s, %(param_3)s, %(param_4)s, %(param_5)s]) AND pg_catalog.pg_table_is_visible(pg_catalog.pg_class.oid) AND pg_catalog.pg_namespace.nspname != %(nspname_1)s
2025-05-13 17:46:22 [INFO] sqlalchemy.engine.Engine: [generated in 0.00108s] {'table_name': 'user', 'param_1': 'r', 'param_2': 'p', 'param_3': 'f', 'param_4': 'v', 'param_5': 'm', 'nspname_1': 'pg_catalog'}
2025-05-13 17:46:22 [INFO] sqlalchemy.engine.Engine: SELECT pg_catalog.pg_class.relname 
FROM pg_catalog.pg_class JOIN pg_catalog.pg_namespace ON pg_catalog.pg_namespace.oid = pg_catalog.pg_class.relnamespace 
WHERE pg_catalog.pg_class.relname = %(table_name)s AND pg_catalog.pg_class.relkind = ANY (ARRAY[%(param_1)s, %(param_2)s, %(param_3)s, %(param_4)s, %(param_5)s]) AND pg_catalog.pg_table_is_visible(pg_catalog.pg_class.oid) AND pg_catalog.pg_namespace.nspname != %(nspname_1)s
2025-05-13 17:46:22 [INFO] sqlalchemy.engine.Engine: [cached since 0.006442s ago] {'table_name': 'todolist', 'param_1': 'r', 'param_2': 'p', 'param_3': 'f', 'param_4': 'v', 'param_5': 'm', 'nspname_1': 'pg_catalog'}
2025-05-13 17:46:22 [INFO] sqlalchemy.engine.Engine: SELECT pg_catalog.pg_class.relname 
FROM pg_catalog.pg_class JOIN pg_catalog.pg_namespace ON pg_catalog.pg_namespace.oid = pg_catalog.pg_class.relnamespace 
WHERE pg_catalog.pg_class.relname = %(table_name)s AND pg_catalog.pg_class.relkind = ANY (ARRAY[%(param_1)s, %(param_2)s, %(param_3)s, %(param_4)s, %(param_5)s]) AND pg_catalog.pg_table_is_visible(pg_catalog.pg_class.oid) AND pg_catalog.pg_namespace.nspname != %(nspname_1)s
2025-05-13 17:46:22 [INFO] sqlalchemy.engine.Engine: [cached since 0.01088s ago] {'table_name': 'task', 'param_1': 'r', 'param_2': 'p', 'param_3': 'f', 'param_4': 'v', 'param_5': 'm', 'nspname_1': 'pg_catalog'}
2025-05-13 17:46:22 [INFO] sqlalchemy.engine.Engine: SELECT pg_catalog.pg_class.relname 
FROM pg_catalog.pg_class JOIN pg_catalog.pg_namespace ON pg_catalog.pg_namespace.oid = pg_catalog.pg_class.relnamespace 
WHERE pg_catalog.pg_class.relname = %(table_name)s AND pg_catalog.pg_class.relkind = ANY (ARRAY[%(param_1)s, %(param_2)s, %(param_3)s, %(param_4)s, %(param_5)s]) AND pg_catalog.pg_table_is_visible(pg_catalog.pg_class.oid) AND pg_catalog.pg_namespace.nspname != %(nspname_1)s
2025-05-13 17:46:22 [INFO] sqlalchemy.engine.Engine: [cached since 0.01444s ago] {'table_name': 'taskstatus', 'param_1': 'r', 'param_2': 'p', 'param_3': 'f', 'param_4': 'v', 'param_5': 'm', 'nspname_1': 'pg_catalog'}
2025-05-13 17:46:22 [INFO] sqlalchemy.engine.Engine: SELECT pg_catalog.pg_type.typname 
FROM pg_catalog.pg_type JOIN pg_catalog.pg_namespace ON pg_catalog.pg_namespace.oid = pg_catalog.pg_type.typnamespace 
WHERE pg_catalog.pg_type.typname = %(typname_1)s AND pg_catalog.pg_type_is_visible(pg_catalog.pg_type.oid) AND pg_catalog.pg_namespace.nspname != %(nspname_1)s
2025-05-13 17:46:22 [INFO] sqlalchemy.engine.Engine: [generated in 0.00103s] {'typname_1': 'role', 'nspname_1': 'pg_catalog'}
2025-05-13 17:46:22 [INFO] sqlalchemy.engine.Engine: CREATE TYPE role AS ENUM ('admin', 'user', 'viewer')
2025-05-13 17:46:22 [INFO] sqlalchemy.engine.Engine: [no key 0.00088s] {}
2025-05-13 17:46:22 [INFO] sqlalchemy.engine.Engine: 
CREATE TABLE "user" (
	id SERIAL NOT NULL, 
	username VARCHAR NOT NULL, 
	email VARCHAR NOT NULL, 
	hashed_password VARCHAR NOT NULL, 
	role role DEFAULT 'user' NOT NULL, 
	created_at TIMESTAMP WITHOUT TIME ZONE NOT NULL, 
	PRIMARY KEY (id)
)


2025-05-13 17:46:22 [INFO] sqlalchemy.engine.Engine: [no key 0.00102s] {}
2025-05-13 17:46:22 [INFO] sqlalchemy.engine.Engine: CREATE UNIQUE INDEX ix_user_email ON "user" (email)
2025-05-13 17:46:22 [INFO] sqlalchemy.engine.Engine: [no key 0.00073s] {}
2025-05-13 17:46:22 [INFO] sqlalchemy.engine.Engine: CREATE UNIQUE INDEX ix_user_username ON "user" (username)
2025-05-13 17:46:22 [INFO] sqlalchemy.engine.Engine: [no key 0.00077s] {}
2025-05-13 17:46:22 [INFO] sqlalchemy.engine.Engine: 
CREATE TABLE taskstatus (
	id SERIAL NOT NULL, 
	name VARCHAR NOT NULL, 
	color VARCHAR, 
	PRIMARY KEY (id)
)


2025-05-13 17:46:22 [INFO] sqlalchemy.engine.Engine: [no key 0.00086s] {}
2025-05-13 17:46:22 [INFO] sqlalchemy.engine.Engine: 
CREATE TABLE todolist (
	id SERIAL NOT NULL, 
	title VARCHAR NOT NULL, 
	description VARCHAR, 
	owner_id INTEGER NOT NULL, 
	created_at TIMESTAMP WITHOUT TIME ZONE NOT NULL, 
	PRIMARY KEY (id), 
	FOREIGN KEY(owner_id) REFERENCES "user" (id)
)


2025-05-13 17:46:22 [INFO] sqlalchemy.engine.Engine: [no key 0.00109s] {}
2025-05-13 17:46:22 [INFO] sqlalchemy.engine.Engine: 
CREATE TABLE task (
	id SERIAL NOT NULL, 
	title VARCHAR NOT NULL, 
	description VARCHAR, 
	due_date DATE, 
	is_completed BOOLEAN NOT NULL, 
	todo_list_id INTEGER NOT NULL, 
	status_id INTEGER NOT NULL, 
	created_at TIMESTAMP WITHOUT TIME ZONE NOT NULL, 
	PRIMARY KEY (id), 
	FOREIGN KEY(todo_list_id) REFERENCES todolist (id), 
	FOREIGN KEY(status_id) REFERENCES taskstatus (id)
)


2025-05-13 17:46:22 [INFO] sqlalchemy.engine.Engine: [no key 0.00121s] {}
2025-05-13 17:46:22 [INFO] sqlalchemy.engine.Engine: COMMIT
2025-05-13 17:46:22 [INFO] app.main: Database initialized
2025-05-13 17:46:29 [INFO] app.main: --> POST /api/auth/register
2025-05-13 17:46:29 [INFO] sqlalchemy.engine.Engine: BEGIN (implicit)
2025-05-13 17:46:29 [INFO] sqlalchemy.engine.Engine: SELECT "user".id, "user".username, "user".email, "user".hashed_password, "user".role, "user".created_at 
FROM "user" 
WHERE "user".username = %(username_1)s
2025-05-13 17:46:29 [INFO] sqlalchemy.engine.Engine: [generated in 0.00132s] {'username_1': 'admin'}
2025-05-13 17:46:29 [INFO] sqlalchemy.engine.Engine: SELECT "user".id, "user".username, "user".email, "user".hashed_password, "user".role, "user".created_at 
FROM "user" 
WHERE "user".email = %(email_1)s
2025-05-13 17:46:29 [INFO] sqlalchemy.engine.Engine: [generated in 0.00152s] {'email_1': 'admin@example.com'}
2025-05-13 17:46:29 [INFO] sqlalchemy.engine.Engine: ROLLBACK
2025-05-13 17:47:39 [INFO] sqlalchemy.engine.Engine: select pg_catalog.version()
2025-05-13 17:47:39 [INFO] sqlalchemy.engine.Engine: [raw sql] {}
2025-05-13 17:47:39 [INFO] sqlalchemy.engine.Engine: select current_schema()
2025-05-13 17:47:39 [INFO] sqlalchemy.engine.Engine: [raw sql] {}
2025-05-13 17:47:39 [INFO] sqlalchemy.engine.Engine: show standard_conforming_strings
2025-05-13 17:47:39 [INFO] sqlalchemy.engine.Engine: [raw sql] {}
2025-05-13 17:47:39 [INFO] sqlalchemy.engine.Engine: BEGIN (implicit)
2025-05-13 17:47:39 [INFO] sqlalchemy.engine.Engine: SELECT pg_catalog.pg_class.relname 
FROM pg_catalog.pg_class JOIN pg_catalog.pg_namespace ON pg_catalog.pg_namespace.oid = pg_catalog.pg_class.relnamespace 
WHERE pg_catalog.pg_class.relname = %(table_name)s AND pg_catalog.pg_class.relkind = ANY (ARRAY[%(param_1)s, %(param_2)s, %(param_3)s, %(param_4)s, %(param_5)s]) AND pg_catalog.pg_table_is_visible(pg_catalog.pg_class.oid) AND pg_catalog.pg_namespace.nspname != %(nspname_1)s
2025-05-13 17:47:39 [INFO] sqlalchemy.engine.Engine: [generated in 0.00130s] {'table_name': 'user', 'param_1': 'r', 'param_2': 'p', 'param_3': 'f', 'param_4': 'v', 'param_5': 'm', 'nspname_1': 'pg_catalog'}
2025-05-13 17:47:39 [INFO] sqlalchemy.engine.Engine: SELECT pg_catalog.pg_class.relname 
FROM pg_catalog.pg_class JOIN pg_catalog.pg_namespace ON pg_catalog.pg_namespace.oid = pg_catalog.pg_class.relnamespace 
WHERE pg_catalog.pg_class.relname = %(table_name)s AND pg_catalog.pg_class.relkind = ANY (ARRAY[%(param_1)s, %(param_2)s, %(param_3)s, %(param_4)s, %(param_5)s]) AND pg_catalog.pg_table_is_visible(pg_catalog.pg_class.oid) AND pg_catalog.pg_namespace.nspname != %(nspname_1)s
2025-05-13 17:47:39 [INFO] sqlalchemy.engine.Engine: [cached since 0.006913s ago] {'table_name': 'todolist', 'param_1': 'r', 'param_2': 'p', 'param_3': 'f', 'param_4': 'v', 'param_5': 'm', 'nspname_1': 'pg_catalog'}
2025-05-13 17:47:39 [INFO] sqlalchemy.engine.Engine: SELECT pg_catalog.pg_class.relname 
FROM pg_catalog.pg_class JOIN pg_catalog.pg_namespace ON pg_catalog.pg_namespace.oid = pg_catalog.pg_class.relnamespace 
WHERE pg_catalog.pg_class.relname = %(table_name)s AND pg_catalog.pg_class.relkind = ANY (ARRAY[%(param_1)s, %(param_2)s, %(param_3)s, %(param_4)s, %(param_5)s]) AND pg_catalog.pg_table_is_visible(pg_catalog.pg_class.oid) AND pg_catalog.pg_namespace.nspname != %(nspname_1)s
2025-05-13 17:47:39 [INFO] sqlalchemy.engine.Engine: [cached since 0.0102s ago] {'table_name': 'task', 'param_1': 'r', 'param_2': 'p', 'param_3': 'f', 'param_4': 'v', 'param_5': 'm', 'nspname_1': 'pg_catalog'}
2025-05-13 17:47:39 [INFO] sqlalchemy.engine.Engine: SELECT pg_catalog.pg_class.relname 
FROM pg_catalog.pg_class JOIN pg_catalog.pg_namespace ON pg_catalog.pg_namespace.oid = pg_catalog.pg_class.relnamespace 
WHERE pg_catalog.pg_class.relname = %(table_name)s AND pg_catalog.pg_class.relkind = ANY (ARRAY[%(param_1)s, %(param_2)s, %(param_3)s, %(param_4)s, %(param_5)s]) AND pg_catalog.pg_table_is_visible(pg_catalog.pg_class.oid) AND pg_catalog.pg_namespace.nspname != %(nspname_1)s
2025-05-13 17:47:39 [INFO] sqlalchemy.engine.Engine: [cached since 0.01499s ago] {'table_name': 'taskstatus', 'param_1': 'r', 'param_2': 'p', 'param_3': 'f', 'param_4': 'v', 'param_5': 'm', 'nspname_1': 'pg_catalog'}
2025-05-13 17:47:39 [INFO] sqlalchemy.engine.Engine: SELECT pg_catalog.pg_type.typname 
FROM pg_catalog.pg_type JOIN pg_catalog.pg_namespace ON pg_catalog.pg_namespace.oid = pg_catalog.pg_type.typnamespace 
WHERE pg_catalog.pg_type.typname = %(typname_1)s AND pg_catalog.pg_type_is_visible(pg_catalog.pg_type.oid) AND pg_catalog.pg_namespace.nspname != %(nspname_1)s
2025-05-13 17:47:39 [INFO] sqlalchemy.engine.Engine: [generated in 0.00114s] {'typname_1': 'role', 'nspname_1': 'pg_catalog'}
2025-05-13 17:47:39 [INFO] sqlalchemy.engine.Engine: CREATE TYPE role AS ENUM ('admin', 'user', 'viewer')
2025-05-13 17:47:39 [INFO] sqlalchemy.engine.Engine: [no key 0.00100s] {}
2025-05-13 17:47:39 [INFO] sqlalchemy.engine.Engine: 
CREATE TABLE "user" (
	id SERIAL NOT NULL, 
	username VARCHAR NOT NULL, 
	email VARCHAR NOT NULL, 
	hashed_password VARCHAR NOT NULL, 
	role role DEFAULT 'user' NOT NULL, 
	created_at TIMESTAMP WITHOUT TIME ZONE NOT NULL, 
	PRIMARY KEY (id)
)


2025-05-13 17:47:39 [INFO] sqlalchemy.engine.Engine: [no key 0.00176s] {}
2025-05-13 17:47:39 [INFO] sqlalchemy.engine.Engine: CREATE UNIQUE INDEX ix_user_email ON "user" (email)
2025-05-13 17:47:39 [INFO] sqlalchemy.engine.Engine: [no key 0.00099s] {}
2025-05-13 17:47:39 [INFO] sqlalchemy.engine.Engine: CREATE UNIQUE INDEX ix_user_username ON "user" (username)
2025-05-13 17:47:39 [INFO] sqlalchemy.engine.Engine: [no key 0.00132s] {}
2025-05-13 17:47:39 [INFO] sqlalchemy.engine.Engine: 
CREATE TABLE taskstatus (
	id SERIAL NOT NULL, 
	name VARCHAR NOT NULL, 
	color VARCHAR, 
	PRIMARY KEY (id)
)


2025-05-13 17:47:39 [INFO] sqlalchemy.engine.Engine: [no key 0.00105s] {}
2025-05-13 17:47:39 [INFO] sqlalchemy.engine.Engine: 
CREATE TABLE todolist (
	id SERIAL NOT NULL, 
	title VARCHAR NOT NULL, 
	description VARCHAR, 
	owner_id INTEGER NOT NULL, 
	created_at TIMESTAMP WITHOUT TIME ZONE NOT NULL, 
	PRIMARY KEY (id), 
	FOREIGN KEY(owner_id) REFERENCES "user" (id)
)


2025-05-13 17:47:39 [INFO] sqlalchemy.engine.Engine: [no key 0.00152s] {}
2025-05-13 17:47:39 [INFO] sqlalchemy.engine.Engine: 
CREATE TABLE task (
	id SERIAL NOT NULL, 
	title VARCHAR NOT NULL, 
	description VARCHAR, 
	due_date DATE, 
	is_completed BOOLEAN NOT NULL, 
	todo_list_id INTEGER NOT NULL, 
	status_id INTEGER NOT NULL, 
	created_at TIMESTAMP WITHOUT TIME ZONE NOT NULL, 
	PRIMARY KEY (id), 
	FOREIGN KEY(todo_list_id) REFERENCES todolist (id), 
	FOREIGN KEY(status_id) REFERENCES taskstatus (id)
)


2025-05-13 17:47:39 [INFO] sqlalchemy.engine.Engine: [no key 0.00150s] {}
2025-05-13 17:47:39 [INFO] sqlalchemy.engine.Engine: COMMIT
2025-05-13 17:47:39 [INFO] app.main: Database initialized
2025-05-13 17:48:06 [INFO] app.main: --> POST /api/auth/register
2025-05-13 17:48:06 [INFO] sqlalchemy.engine.Engine: BEGIN (implicit)
2025-05-13 17:48:06 [INFO] sqlalchemy.engine.Engine: SELECT "user".id, "user".username, "user".email, "user".hashed_password, "user".role, "user".created_at 
FROM "user" 
WHERE "user".username = %(username_1)s
2025-05-13 17:48:06 [INFO] sqlalchemy.engine.Engine: [generated in 0.00182s] {'username_1': 'admin'}
2025-05-13 17:48:06 [INFO] sqlalchemy.engine.Engine: SELECT "user".id, "user".username, "user".email, "user".hashed_password, "user".role, "user".created_at 
FROM "user" 
WHERE "user".email = %(email_1)s
2025-05-13 17:48:06 [INFO] sqlalchemy.engine.Engine: [generated in 0.00107s] {'email_1': 'admin@example.com'}
2025-05-13 17:48:06 [WARNING] passlib.handlers.bcrypt: (trapped) error reading bcrypt version
Traceback (most recent call last):
  File "c:\Users\jonathf\Taller-python\nocode\venv\Lib\site-packages\passlib\handlers\bcrypt.py", line 620, in _load_backend_mixin
    version = _bcrypt.__about__.__version__
              ^^^^^^^^^^^^^^^^^
AttributeError: module 'bcrypt' has no attribute '__about__'
2025-05-13 17:48:06 [INFO] sqlalchemy.engine.Engine: INSERT INTO "user" (username, email, hashed_password, role, created_at) VALUES (%(username)s, %(email)s, %(hashed_password)s, %(role)s, %(created_at)s) RETURNING "user".id
2025-05-13 17:48:06 [INFO] sqlalchemy.engine.Engine: [generated in 0.00114s] {'username': 'admin', 'email': 'admin@example.com', 'hashed_password': '$2b$12$65joMV062/ukSIJaHitdlOem9ow6BPWSWlfVanKUeqlQH8WIHDcWa', 'role': 'admin', 'created_at': datetime.datetime(2025, 5, 13, 15, 48, 6, 865584)}
2025-05-13 17:48:06 [INFO] sqlalchemy.engine.Engine: COMMIT
2025-05-13 17:48:06 [INFO] sqlalchemy.engine.Engine: BEGIN (implicit)
2025-05-13 17:48:06 [INFO] sqlalchemy.engine.Engine: SELECT "user".id, "user".username, "user".email, "user".hashed_password, "user".role, "user".created_at 
FROM "user" 
WHERE "user".id = %(pk_1)s
2025-05-13 17:48:06 [INFO] sqlalchemy.engine.Engine: [generated in 0.00081s] {'pk_1': 1}
2025-05-13 17:48:06 [INFO] sqlalchemy.engine.Engine: ROLLBACK
2025-05-13 17:48:06 [INFO] app.main: <-- POST /api/auth/register - 201
2025-05-13 17:50:41 [INFO] app.main: --> POST /api/auth/register
2025-05-13 17:50:41 [INFO] sqlalchemy.engine.Engine: BEGIN (implicit)
2025-05-13 17:50:41 [INFO] sqlalchemy.engine.Engine: SELECT "user".id, "user".username, "user".email, "user".hashed_password, "user".role, "user".created_at 
FROM "user" 
WHERE "user".username = %(username_1)s
2025-05-13 17:50:41 [INFO] sqlalchemy.engine.Engine: [cached since 154.8s ago] {'username_1': 'alice'}
2025-05-13 17:50:41 [INFO] sqlalchemy.engine.Engine: SELECT "user".id, "user".username, "user".email, "user".hashed_password, "user".role, "user".created_at 
FROM "user" 
WHERE "user".email = %(email_1)s
2025-05-13 17:50:41 [INFO] sqlalchemy.engine.Engine: [cached since 154.8s ago] {'email_1': 'alice@example.com'}
2025-05-13 17:50:41 [INFO] sqlalchemy.engine.Engine: INSERT INTO "user" (username, email, hashed_password, role, created_at) VALUES (%(username)s, %(email)s, %(hashed_password)s, %(role)s, %(created_at)s) RETURNING "user".id
2025-05-13 17:50:41 [INFO] sqlalchemy.engine.Engine: [cached since 154.6s ago] {'username': 'alice', 'email': 'alice@example.com', 'hashed_password': '$2b$12$G1PwD.ixZ0A3gb68CTu7L.PtZuGDNUmIyUOeJie7dLvuDEMqR3he2', 'role': 'user', 'created_at': datetime.datetime(2025, 5, 13, 15, 50, 41, 498032)}
2025-05-13 17:50:41 [INFO] sqlalchemy.engine.Engine: COMMIT
2025-05-13 17:50:41 [INFO] sqlalchemy.engine.Engine: BEGIN (implicit)
2025-05-13 17:50:41 [INFO] sqlalchemy.engine.Engine: SELECT "user".id, "user".username, "user".email, "user".hashed_password, "user".role, "user".created_at 
FROM "user" 
WHERE "user".id = %(pk_1)s
2025-05-13 17:50:41 [INFO] sqlalchemy.engine.Engine: [cached since 154.6s ago] {'pk_1': 2}
2025-05-13 17:50:41 [INFO] sqlalchemy.engine.Engine: ROLLBACK
2025-05-13 17:50:41 [INFO] app.main: <-- POST /api/auth/register - 201
2025-05-13 17:51:22 [INFO] app.main: --> POST /api/auth/login
2025-05-13 17:51:22 [INFO] sqlalchemy.engine.Engine: BEGIN (implicit)
2025-05-13 17:51:22 [INFO] sqlalchemy.engine.Engine: SELECT "user".id, "user".username, "user".email, "user".hashed_password, "user".role, "user".created_at 
FROM "user" 
WHERE "user".username = %(username_1)s
2025-05-13 17:51:22 [INFO] sqlalchemy.engine.Engine: [cached since 195.9s ago] {'username_1': 'alice'}
2025-05-13 17:51:22 [INFO] sqlalchemy.engine.Engine: ROLLBACK
2025-05-13 17:51:22 [INFO] app.main: <-- POST /api/auth/login - 200
2025-05-13 17:52:30 [INFO] app.main: --> GET /status/
2025-05-13 17:52:30 [INFO] sqlalchemy.engine.Engine: BEGIN (implicit)
2025-05-13 17:52:30 [INFO] sqlalchemy.engine.Engine: SELECT taskstatus.id, taskstatus.name, taskstatus.color 
FROM taskstatus
2025-05-13 17:52:30 [INFO] sqlalchemy.engine.Engine: [generated in 0.00126s] {}
2025-05-13 17:52:30 [INFO] sqlalchemy.engine.Engine: ROLLBACK
2025-05-13 17:52:30 [INFO] app.main: <-- GET /status/ - 200
2025-05-13 17:52:54 [INFO] app.main: --> GET /lists/
2025-05-13 17:52:54 [INFO] sqlalchemy.engine.Engine: BEGIN (implicit)
2025-05-13 17:52:54 [INFO] sqlalchemy.engine.Engine: SELECT todolist.id, todolist.title, todolist.description, todolist.owner_id, todolist.created_at 
FROM todolist 
 LIMIT %(param_1)s OFFSET %(param_2)s
2025-05-13 17:52:54 [INFO] sqlalchemy.engine.Engine: [generated in 0.00088s] {'param_1': 100, 'param_2': 0}
2025-05-13 17:52:54 [INFO] sqlalchemy.engine.Engine: ROLLBACK
2025-05-13 17:52:54 [INFO] app.main: <-- GET /lists/ - 200
